<?xml version="1.0" encoding="UTF-8"?>
<testsuites>
  <testsuite name="Linear Regression Model" timestamp="2019-05-21 23:27:25" hostname="c92f6ef908f7" tests="2" skipped="0" failures="0" errors="1" time="0.07">
    <testcase time="0.02" classname="Linear_Regression_Model" name="Load_Model"/>
    <testcase time="0.05" classname="Linear_Regression_Model" name="Output_Shape_of_response">
      <error type="error" message="object 'model' not found (@tests_1.r#21)">object 'model' not found
1: predict_weight(height = 22, model) at /app/tests/tests_1.r:21
2: predict(model, a)</error>
    </testcase>
  </testsuite>
</testsuites>
